<?xml version="1.0" encoding="UTF-8"?>
<coverage generated="1764718881513" clover="3.2.0">
  <project timestamp="1764718881513" name="All files">
    <metrics statements="15" coveredstatements="15" conditionals="2" coveredconditionals="2" methods="3" coveredmethods="3" elements="20" coveredelements="20" complexity="0" loc="15" ncloc="15" packages="1" files="5" classes="5"/>
    <file name="inventory.js" path="/Users/isaacericsson/CalPoly/Classes/Q1Y2/CSC-307/csc_307_group_project/packages/express-backend/schemas/inventory.js">
      <metrics statements="2" coveredstatements="2" conditionals="0" coveredconditionals="0" methods="0" coveredmethods="0"/>
      <line num="22" count="1" type="stmt"/>
      <line num="33" count="1" type="stmt"/>
    </file>
    <file name="item.js" path="/Users/isaacericsson/CalPoly/Classes/Q1Y2/CSC-307/csc_307_group_project/packages/express-backend/schemas/item.js">
      <metrics statements="2" coveredstatements="2" conditionals="0" coveredconditionals="0" methods="0" coveredmethods="0"/>
      <line num="20" count="1" type="stmt"/>
      <line num="33" count="1" type="stmt"/>
    </file>
    <file name="kitchen.js" path="/Users/isaacericsson/CalPoly/Classes/Q1Y2/CSC-307/csc_307_group_project/packages/express-backend/schemas/kitchen.js">
      <metrics statements="2" coveredstatements="2" conditionals="0" coveredconditionals="0" methods="0" coveredmethods="0"/>
      <line num="22" count="1" type="stmt"/>
      <line num="42" count="1" type="stmt"/>
    </file>
    <file name="membership.js" path="/Users/isaacericsson/CalPoly/Classes/Q1Y2/CSC-307/csc_307_group_project/packages/express-backend/schemas/membership.js">
      <metrics statements="7" coveredstatements="7" conditionals="2" coveredconditionals="2" methods="3" coveredmethods="3"/>
      <line num="21" count="1" type="stmt"/>
      <line num="34" count="1" type="stmt"/>
      <line num="51" count="7" type="cond" truecount="2" falsecount="0"/>
      <line num="52" count="7" type="stmt"/>
      <line num="55" count="1" type="stmt"/>
      <line num="66" count="1" type="stmt"/>
      <line num="68" count="1" type="stmt"/>
    </file>
    <file name="user.js" path="/Users/isaacericsson/CalPoly/Classes/Q1Y2/CSC-307/csc_307_group_project/packages/express-backend/schemas/user.js">
      <metrics statements="2" coveredstatements="2" conditionals="0" coveredconditionals="0" methods="0" coveredmethods="0"/>
      <line num="20" count="1" type="stmt"/>
      <line num="25" count="1" type="stmt"/>
    </file>
  </project>
</coverage>
