{"/Users/isaacericsson/CalPoly/Classes/Q1Y2/CSC-307/csc_307_group_project/packages/express-backend/schemas/inventory.js": {"path":"/Users/isaacericsson/CalPoly/Classes/Q1Y2/CSC-307/csc_307_group_project/packages/express-backend/schemas/inventory.js","statementMap":{"0":{"start":{"line":22,"column":24},"end":{"line":31,"column":2}},"1":{"start":{"line":33,"column":18},"end":{"line":33,"column":62}}},"fnMap":{},"branchMap":{},"s":{"0":1,"1":1},"f":{},"b":{},"inputSourceMap":null,"_coverageSchema":"1a1c01bbd47fc00a2c39e90264f33305004495a9","hash":"f423f52ba615158245c4362a5b918b57860c5f98"}
,"/Users/isaacericsson/CalPoly/Classes/Q1Y2/CSC-307/csc_307_group_project/packages/express-backend/schemas/item.js": {"path":"/Users/isaacericsson/CalPoly/Classes/Q1Y2/CSC-307/csc_307_group_project/packages/express-backend/schemas/item.js","statementMap":{"0":{"start":{"line":20,"column":26},"end":{"line":31,"column":2}},"1":{"start":{"line":33,"column":13},"end":{"line":33,"column":47}}},"fnMap":{},"branchMap":{},"s":{"0":1,"1":1},"f":{},"b":{},"inputSourceMap":null,"_coverageSchema":"1a1c01bbd47fc00a2c39e90264f33305004495a9","hash":"7d745c072ff3c374445409638a146c0ddac9c65f"}
,"/Users/isaacericsson/CalPoly/Classes/Q1Y2/CSC-307/csc_307_group_project/packages/express-backend/schemas/kitchen.js": {"path":"/Users/isaacericsson/CalPoly/Classes/Q1Y2/CSC-307/csc_307_group_project/packages/express-backend/schemas/kitchen.js","statementMap":{"0":{"start":{"line":22,"column":22},"end":{"line":40,"column":2}},"1":{"start":{"line":42,"column":16},"end":{"line":42,"column":56}}},"fnMap":{},"branchMap":{},"s":{"0":1,"1":1},"f":{},"b":{},"inputSourceMap":null,"_coverageSchema":"1a1c01bbd47fc00a2c39e90264f33305004495a9","hash":"3c6fdce0c80422b96acab693fb22d7c420b2b5db"}
,"/Users/isaacericsson/CalPoly/Classes/Q1Y2/CSC-307/csc_307_group_project/packages/express-backend/schemas/membership.js": {"path":"/Users/isaacericsson/CalPoly/Classes/Q1Y2/CSC-307/csc_307_group_project/packages/express-backend/schemas/membership.js","statementMap":{"0":{"start":{"line":21,"column":27},"end":{"line":32,"column":1}},"1":{"start":{"line":34,"column":25},"end":{"line":64,"column":2}},"2":{"start":{"line":51,"column":24},"end":{"line":51,"column":59}},"3":{"start":{"line":52,"column":8},"end":{"line":52,"column":61}},"4":{"start":{"line":52,"column":40},"end":{"line":52,"column":59}},"5":{"start":{"line":55,"column":8},"end":{"line":55,"column":83}},"6":{"start":{"line":66,"column":0},"end":{"line":66,"column":70}},"7":{"start":{"line":68,"column":19},"end":{"line":68,"column":65}}},"fnMap":{"0":{"name":"(anonymous_0)","decl":{"start":{"line":50,"column":17},"end":{"line":50,"column":18}},"loc":{"start":{"line":50,"column":40},"end":{"line":53,"column":7}},"line":50},"1":{"name":"(anonymous_1)","decl":{"start":{"line":52,"column":33},"end":{"line":52,"column":34}},"loc":{"start":{"line":52,"column":40},"end":{"line":52,"column":59}},"line":52},"2":{"name":"(anonymous_2)","decl":{"start":{"line":54,"column":15},"end":{"line":54,"column":16}},"loc":{"start":{"line":55,"column":8},"end":{"line":55,"column":83}},"line":55}},"branchMap":{"0":{"loc":{"start":{"line":51,"column":24},"end":{"line":51,"column":59}},"type":"binary-expr","locations":[{"start":{"line":51,"column":24},"end":{"line":51,"column":53}},{"start":{"line":51,"column":57},"end":{"line":51,"column":59}}],"line":51}},"s":{"0":1,"1":1,"2":7,"3":7,"4":4,"5":1,"6":1,"7":1},"f":{"0":7,"1":4,"2":1},"b":{"0":[7,1]},"inputSourceMap":null,"_coverageSchema":"1a1c01bbd47fc00a2c39e90264f33305004495a9","hash":"0bd2eb39b579e522fe180ac9615e2d18d7f1e192"}
,"/Users/isaacericsson/CalPoly/Classes/Q1Y2/CSC-307/csc_307_group_project/packages/express-backend/schemas/user.js": {"path":"/Users/isaacericsson/CalPoly/Classes/Q1Y2/CSC-307/csc_307_group_project/packages/express-backend/schemas/user.js","statementMap":{"0":{"start":{"line":20,"column":19},"end":{"line":24,"column":2}},"1":{"start":{"line":25,"column":13},"end":{"line":25,"column":47}}},"fnMap":{},"branchMap":{},"s":{"0":1,"1":1},"f":{},"b":{},"inputSourceMap":null,"_coverageSchema":"1a1c01bbd47fc00a2c39e90264f33305004495a9","hash":"2e6c4bfb3f521511bc423c7453a4087369d2d430"}
}
