{"/Users/isaacericsson/CalPoly/Classes/Q1Y2/CSC-307/csc_307_group_project/packages/express-backend/schemas/inventory.js": {"path":"/Users/isaacericsson/CalPoly/Classes/Q1Y2/CSC-307/csc_307_group_project/packages/express-backend/schemas/inventory.js","statementMap":{"0":{"start":{"line":22,"column":24},"end":{"line":31,"column":2}},"1":{"start":{"line":33,"column":18},"end":{"line":33,"column":62}}},"fnMap":{},"branchMap":{},"s":{"0":2,"1":2},"f":{},"b":{},"inputSourceMap":null,"_coverageSchema":"1a1c01bbd47fc00a2c39e90264f33305004495a9","hash":"f423f52ba615158245c4362a5b918b57860c5f98"}
,"/Users/isaacericsson/CalPoly/Classes/Q1Y2/CSC-307/csc_307_group_project/packages/express-backend/schemas/item.js": {"path":"/Users/isaacericsson/CalPoly/Classes/Q1Y2/CSC-307/csc_307_group_project/packages/express-backend/schemas/item.js","statementMap":{"0":{"start":{"line":20,"column":26},"end":{"line":31,"column":2}},"1":{"start":{"line":33,"column":13},"end":{"line":33,"column":47}}},"fnMap":{},"branchMap":{},"s":{"0":2,"1":2},"f":{},"b":{},"inputSourceMap":null,"_coverageSchema":"1a1c01bbd47fc00a2c39e90264f33305004495a9","hash":"7d745c072ff3c374445409638a146c0ddac9c65f"}
,"/Users/isaacericsson/CalPoly/Classes/Q1Y2/CSC-307/csc_307_group_project/packages/express-backend/schemas/kitchen.js": {"path":"/Users/isaacericsson/CalPoly/Classes/Q1Y2/CSC-307/csc_307_group_project/packages/express-backend/schemas/kitchen.js","statementMap":{"0":{"start":{"line":22,"column":22},"end":{"line":40,"column":2}},"1":{"start":{"line":42,"column":16},"end":{"line":42,"column":56}}},"fnMap":{},"branchMap":{},"s":{"0":1,"1":1},"f":{},"b":{},"inputSourceMap":null,"_coverageSchema":"1a1c01bbd47fc00a2c39e90264f33305004495a9","hash":"3c6fdce0c80422b96acab693fb22d7c420b2b5db"}
,"/Users/isaacericsson/CalPoly/Classes/Q1Y2/CSC-307/csc_307_group_project/packages/express-backend/schemas/membership.js": {"path":"/Users/isaacericsson/CalPoly/Classes/Q1Y2/CSC-307/csc_307_group_project/packages/express-backend/schemas/membership.js","statementMap":{"0":{"start":{"line":21,"column":27},"end":{"line":32,"column":1}},"1":{"start":{"line":34,"column":25},"end":{"line":64,"column":2}},"2":{"start":{"line":51,"column":24},"end":{"line":51,"column":59}},"3":{"start":{"line":52,"column":8},"end":{"line":52,"column":61}},"4":{"start":{"line":52,"column":40},"end":{"line":52,"column":59}},"5":{"start":{"line":55,"column":8},"end":{"line":55,"column":83}},"6":{"start":{"line":66,"column":0},"end":{"line":66,"column":70}},"7":{"start":{"line":68,"column":19},"end":{"line":68,"column":65}}},"fnMap":{"0":{"name":"(anonymous_0)","decl":{"start":{"line":50,"column":17},"end":{"line":50,"column":18}},"loc":{"start":{"line":50,"column":40},"end":{"line":53,"column":7}},"line":50},"1":{"name":"(anonymous_1)","decl":{"start":{"line":52,"column":33},"end":{"line":52,"column":34}},"loc":{"start":{"line":52,"column":40},"end":{"line":52,"column":59}},"line":52},"2":{"name":"(anonymous_2)","decl":{"start":{"line":54,"column":15},"end":{"line":54,"column":16}},"loc":{"start":{"line":55,"column":8},"end":{"line":55,"column":83}},"line":55}},"branchMap":{"0":{"loc":{"start":{"line":51,"column":24},"end":{"line":51,"column":59}},"type":"binary-expr","locations":[{"start":{"line":51,"column":24},"end":{"line":51,"column":53}},{"start":{"line":51,"column":57},"end":{"line":51,"column":59}}],"line":51}},"s":{"0":1,"1":1,"2":7,"3":7,"4":4,"5":1,"6":1,"7":1},"f":{"0":7,"1":4,"2":1},"b":{"0":[7,1]},"inputSourceMap":null,"_coverageSchema":"1a1c01bbd47fc00a2c39e90264f33305004495a9","hash":"0bd2eb39b579e522fe180ac9615e2d18d7f1e192"}
,"/Users/isaacericsson/CalPoly/Classes/Q1Y2/CSC-307/csc_307_group_project/packages/express-backend/schemas/user.js": {"path":"/Users/isaacericsson/CalPoly/Classes/Q1Y2/CSC-307/csc_307_group_project/packages/express-backend/schemas/user.js","statementMap":{"0":{"start":{"line":20,"column":19},"end":{"line":24,"column":2}},"1":{"start":{"line":25,"column":13},"end":{"line":25,"column":47}}},"fnMap":{},"branchMap":{},"s":{"0":1,"1":1},"f":{},"b":{},"inputSourceMap":null,"_coverageSchema":"1a1c01bbd47fc00a2c39e90264f33305004495a9","hash":"2e6c4bfb3f521511bc423c7453a4087369d2d430"}
,"/Users/isaacericsson/CalPoly/Classes/Q1Y2/CSC-307/csc_307_group_project/packages/express-backend/services/inventory-services.js": {"path":"/Users/isaacericsson/CalPoly/Classes/Q1Y2/CSC-307/csc_307_group_project/packages/express-backend/services/inventory-services.js","statementMap":{"0":{"start":{"line":4,"column":16},"end":{"line":4,"column":37}},"1":{"start":{"line":6,"column":2},"end":{"line":8,"column":3}},"2":{"start":{"line":7,"column":4},"end":{"line":7,"column":43}},"3":{"start":{"line":9,"column":2},"end":{"line":11,"column":3}},"4":{"start":{"line":10,"column":4},"end":{"line":10,"column":53}},"5":{"start":{"line":12,"column":2},"end":{"line":14,"column":3}},"6":{"start":{"line":13,"column":4},"end":{"line":13,"column":53}},"7":{"start":{"line":15,"column":2},"end":{"line":17,"column":3}},"8":{"start":{"line":16,"column":4},"end":{"line":16,"column":55}},"9":{"start":{"line":19,"column":2},"end":{"line":19,"column":17}},"10":{"start":{"line":23,"column":2},"end":{"line":23,"column":77}},"11":{"start":{"line":27,"column":25},"end":{"line":27,"column":54}},"12":{"start":{"line":28,"column":18},"end":{"line":28,"column":39}},"13":{"start":{"line":29,"column":2},"end":{"line":29,"column":17}},"14":{"start":{"line":33,"column":2},"end":{"line":33,"column":47}},"15":{"start":{"line":37,"column":2},"end":{"line":41,"column":4}},"16":{"start":{"line":45,"column":2},"end":{"line":49,"column":4}}},"fnMap":{"0":{"name":"getInventory","decl":{"start":{"line":3,"column":9},"end":{"line":3,"column":21}},"loc":{"start":{"line":3,"column":57},"end":{"line":20,"column":1}},"line":3},"1":{"name":"findInventoryById","decl":{"start":{"line":22,"column":9},"end":{"line":22,"column":26}},"loc":{"start":{"line":22,"column":31},"end":{"line":24,"column":1}},"line":22},"2":{"name":"addInventory","decl":{"start":{"line":26,"column":9},"end":{"line":26,"column":21}},"loc":{"start":{"line":26,"column":33},"end":{"line":30,"column":1}},"line":26},"3":{"name":"deleteInventoryById","decl":{"start":{"line":32,"column":9},"end":{"line":32,"column":28}},"loc":{"start":{"line":32,"column":33},"end":{"line":34,"column":1}},"line":32},"4":{"name":"addItemToInventory","decl":{"start":{"line":36,"column":9},"end":{"line":36,"column":27}},"loc":{"start":{"line":36,"column":47},"end":{"line":42,"column":1}},"line":36},"5":{"name":"removeItemFromInventory","decl":{"start":{"line":44,"column":9},"end":{"line":44,"column":32}},"loc":{"start":{"line":44,"column":54},"end":{"line":50,"column":1}},"line":44}},"branchMap":{"0":{"loc":{"start":{"line":6,"column":2},"end":{"line":8,"column":3}},"type":"if","locations":[{"start":{"line":6,"column":2},"end":{"line":8,"column":3}},{"start":{},"end":{}}],"line":6},"1":{"loc":{"start":{"line":9,"column":2},"end":{"line":11,"column":3}},"type":"if","locations":[{"start":{"line":9,"column":2},"end":{"line":11,"column":3}},{"start":{},"end":{}}],"line":9},"2":{"loc":{"start":{"line":12,"column":2},"end":{"line":14,"column":3}},"type":"if","locations":[{"start":{"line":12,"column":2},"end":{"line":14,"column":3}},{"start":{},"end":{}}],"line":12},"3":{"loc":{"start":{"line":15,"column":2},"end":{"line":17,"column":3}},"type":"if","locations":[{"start":{"line":15,"column":2},"end":{"line":17,"column":3}},{"start":{},"end":{}}],"line":15}},"s":{"0":2,"1":2,"2":1,"3":2,"4":1,"5":2,"6":1,"7":2,"8":1,"9":2,"10":1,"11":1,"12":1,"13":1,"14":1,"15":1,"16":1},"f":{"0":2,"1":1,"2":1,"3":1,"4":1,"5":1},"b":{"0":[1,1],"1":[1,1],"2":[1,1],"3":[1,1]},"inputSourceMap":null,"_coverageSchema":"1a1c01bbd47fc00a2c39e90264f33305004495a9","hash":"3f43b4f12b7a7adcf6a7b7b1d264ffd35f3a9398"}
}
