TN:
SF:../express-backend/schemas/inventory.js
FNF:0
FNH:0
DA:22,3
DA:33,3
LF:2
LH:2
BRF:0
BRH:0
end_of_record
TN:
SF:../express-backend/schemas/item.js
FNF:0
FNH:0
DA:20,4
DA:33,4
LF:2
LH:2
BRF:0
BRH:0
end_of_record
TN:
SF:../express-backend/schemas/kitchen.js
FNF:0
FNH:0
DA:22,3
DA:42,3
LF:2
LH:2
BRF:0
BRH:0
end_of_record
TN:
SF:../express-backend/schemas/membership.js
FN:50,(anonymous_0)
FN:52,(anonymous_1)
FN:54,(anonymous_2)
FNF:3
FNH:3
FNDA:7,(anonymous_0)
FNDA:4,(anonymous_1)
FNDA:1,(anonymous_2)
DA:21,4
DA:34,4
DA:51,7
DA:52,7
DA:55,1
DA:66,4
DA:68,4
LF:7
LH:7
BRDA:51,0,0,7
BRDA:51,0,1,1
BRF:2
BRH:2
end_of_record
TN:
SF:../express-backend/schemas/user.js
FNF:0
FNH:0
DA:20,2
DA:25,2
LF:2
LH:2
BRF:0
BRH:0
end_of_record
TN:
SF:../express-backend/services/inventory-services.js
FN:3,getInventory
FN:22,findInventoryById
FN:26,addInventory
FN:32,deleteInventoryById
FN:36,addItemToInventory
FN:44,removeItemFromInventory
FNF:6
FNH:6
FNDA:2,getInventory
FNDA:1,findInventoryById
FNDA:1,addInventory
FNDA:1,deleteInventoryById
FNDA:1,addItemToInventory
FNDA:1,removeItemFromInventory
DA:4,2
DA:6,2
DA:7,1
DA:9,2
DA:10,1
DA:12,2
DA:13,1
DA:15,2
DA:16,1
DA:19,2
DA:23,1
DA:27,1
DA:28,1
DA:29,1
DA:33,1
DA:37,1
DA:45,1
LF:17
LH:17
BRDA:6,0,0,1
BRDA:6,0,1,1
BRDA:9,1,0,1
BRDA:9,1,1,1
BRDA:12,2,0,1
BRDA:12,2,1,1
BRDA:15,3,0,1
BRDA:15,3,1,1
BRF:8
BRH:8
end_of_record
TN:
SF:../express-backend/services/item-services.js
FN:3,getItems
FN:28,findItemById
FN:32,addItem
FN:38,deleteItemById
FNF:4
FNH:4
FNDA:2,getItems
FNDA:1,findItemById
FNDA:1,addItem
FNDA:1,deleteItemById
DA:4,2
DA:6,2
DA:7,1
DA:9,2
DA:10,1
DA:12,2
DA:13,1
DA:15,2
DA:16,1
DA:18,2
DA:19,1
DA:21,2
DA:22,1
DA:25,2
DA:29,1
DA:33,1
DA:34,1
DA:35,1
DA:39,1
LF:19
LH:19
BRDA:6,0,0,1
BRDA:6,0,1,1
BRDA:9,1,0,1
BRDA:9,1,1,1
BRDA:12,2,0,1
BRDA:12,2,1,1
BRDA:15,3,0,1
BRDA:15,3,1,1
BRDA:18,4,0,1
BRDA:18,4,1,1
BRDA:21,5,0,1
BRDA:21,5,1,1
BRF:12
BRH:12
end_of_record
TN:
SF:../express-backend/services/kitchen-services.js
FN:6,getKitchen
FN:24,filterAccecibleKitchens
FN:28,(anonymous_2)
FN:33,findKitchenById
FN:43,addKitchen
FN:49,(anonymous_5)
FN:62,(anonymous_6)
FN:71,deleteKitchenById
FN:72,(anonymous_8)
FN:82,(anonymous_9)
FN:83,(anonymous_10)
FN:87,addInventoryToKitchen
FN:95,removeInventoryFromKitchen
FNF:13
FNH:13
FNDA:2,getKitchen
FNDA:2,filterAccecibleKitchens
FNDA:3,(anonymous_2)
FNDA:1,findKitchenById
FNDA:1,addKitchen
FNDA:1,(anonymous_5)
FNDA:1,(anonymous_6)
FNDA:2,deleteKitchenById
FNDA:2,(anonymous_8)
FNDA:1,(anonymous_9)
FNDA:1,(anonymous_10)
FNDA:1,addInventoryToKitchen
FNDA:1,removeInventoryFromKitchen
DA:7,2
DA:9,2
DA:10,1
DA:12,2
DA:13,1
DA:15,2
DA:16,1
DA:19,2
DA:21,2
DA:25,2
DA:28,3
DA:30,2
DA:34,1
DA:44,1
DA:47,1
DA:50,1
DA:52,1
DA:60,1
DA:63,1
DA:72,2
DA:73,2
DA:74,1
DA:77,1
DA:78,1
DA:80,1
DA:82,1
DA:83,1
DA:88,1
DA:96,1
LF:29
LH:29
BRDA:9,0,0,1
BRDA:9,0,1,1
BRDA:12,1,0,1
BRDA:12,1,1,1
BRDA:15,2,0,1
BRDA:15,2,1,1
BRDA:73,3,0,1
BRDA:73,3,1,1
BRF:8
BRH:8
end_of_record
TN:
SF:../express-backend/services/member-services.js
FN:3,getMembers
FN:22,findMemberById
FN:26,getMembersByUserId
FN:30,getMembersByKitchenId
FN:37,addMember
FN:43,deleteMemberById
FNF:6
FNH:6
FNDA:2,getMembers
FNDA:1,findMemberById
FNDA:1,getMembersByUserId
FNDA:1,getMembersByKitchenId
FNDA:1,addMember
FNDA:1,deleteMemberById
DA:4,2
DA:6,2
DA:7,1
DA:9,2
DA:10,1
DA:12,2
DA:13,1
DA:15,2
DA:16,1
DA:19,2
DA:23,1
DA:27,1
DA:31,1
DA:38,1
DA:39,1
DA:40,1
DA:44,1
LF:17
LH:17
BRDA:6,0,0,1
BRDA:6,0,1,1
BRDA:9,1,0,1
BRDA:9,1,1,1
BRDA:12,2,0,1
BRDA:12,2,1,1
BRDA:15,3,0,1
BRDA:15,3,1,1
BRF:8
BRH:8
end_of_record
TN:
SF:../express-backend/services/user-services.js
FN:5,getUsers
FN:18,findUserById
FN:22,addUser
FN:29,deleteUserById
FN:32,(anonymous_4)
FN:34,(anonymous_5)
FN:39,(anonymous_6)
FN:43,(anonymous_7)
FNF:8
FNH:8
FNDA:2,getUsers
FNDA:1,findUserById
FNDA:1,addUser
FNDA:2,deleteUserById
FNDA:2,(anonymous_4)
FNDA:2,(anonymous_5)
FNDA:2,(anonymous_6)
FNDA:2,(anonymous_7)
DA:6,2
DA:8,2
DA:9,1
DA:11,2
DA:12,1
DA:15,2
DA:19,1
DA:23,1
DA:24,1
DA:25,1
DA:30,2
DA:34,2
DA:35,2
DA:37,2
DA:41,2
DA:45,2
LF:16
LH:16
BRDA:8,0,0,1
BRDA:8,0,1,1
BRDA:11,1,0,1
BRDA:11,1,1,1
BRF:4
BRH:4
end_of_record
