TN:
SF:../express-backend/schemas/inventory.js
FNF:0
FNH:0
DA:22,2
DA:33,2
LF:2
LH:2
BRF:0
BRH:0
end_of_record
TN:
SF:../express-backend/schemas/item.js
FNF:0
FNH:0
DA:20,2
DA:33,2
LF:2
LH:2
BRF:0
BRH:0
end_of_record
TN:
SF:../express-backend/schemas/kitchen.js
FNF:0
FNH:0
DA:22,1
DA:42,1
LF:2
LH:2
BRF:0
BRH:0
end_of_record
TN:
SF:../express-backend/schemas/membership.js
FN:50,(anonymous_0)
FN:52,(anonymous_1)
FN:54,(anonymous_2)
FNF:3
FNH:3
FNDA:7,(anonymous_0)
FNDA:4,(anonymous_1)
FNDA:1,(anonymous_2)
DA:21,1
DA:34,1
DA:51,7
DA:52,7
DA:55,1
DA:66,1
DA:68,1
LF:7
LH:7
BRDA:51,0,0,7
BRDA:51,0,1,1
BRF:2
BRH:2
end_of_record
TN:
SF:../express-backend/schemas/user.js
FNF:0
FNH:0
DA:20,1
DA:25,1
LF:2
LH:2
BRF:0
BRH:0
end_of_record
TN:
SF:../express-backend/services/inventory-services.js
FN:3,getInventory
FN:22,findInventoryById
FN:26,addInventory
FN:32,deleteInventoryById
FN:36,addItemToInventory
FN:44,removeItemFromInventory
FNF:6
FNH:6
FNDA:2,getInventory
FNDA:1,findInventoryById
FNDA:1,addInventory
FNDA:1,deleteInventoryById
FNDA:1,addItemToInventory
FNDA:1,removeItemFromInventory
DA:4,2
DA:6,2
DA:7,1
DA:9,2
DA:10,1
DA:12,2
DA:13,1
DA:15,2
DA:16,1
DA:19,2
DA:23,1
DA:27,1
DA:28,1
DA:29,1
DA:33,1
DA:37,1
DA:45,1
LF:17
LH:17
BRDA:6,0,0,1
BRDA:6,0,1,1
BRDA:9,1,0,1
BRDA:9,1,1,1
BRDA:12,2,0,1
BRDA:12,2,1,1
BRDA:15,3,0,1
BRDA:15,3,1,1
BRF:8
BRH:8
end_of_record
